2023-06-08 17:26:04.582  WARN o.s.c.a.AnnotationTypeMapping:320 - Support for convention-based annotation attribute overrides is deprecated and will be removed in Spring Framework 6.1. Please annotate the following attributes in @com.personal.devetblogapi.annotation.SwaggerFormat with appropriate @AliasFor declarations: [summary, security, hidden, description, tags]
2023-06-08 17:26:07.247 DEBUG o.s.w.f.ServerHttpObservationFilter:240 - Filter 'webMvcObservationFilter' configured for use
2023-06-08 17:26:07.694 DEBUG o.s.w.s.m.m.a.RequestMappingHandlerMapping:366 - 16 mappings in 'requestMappingHandlerMapping'
2023-06-08 17:26:08.352 DEBUG o.s.w.s.h.SimpleUrlHandlerMapping:187 - Patterns [/webjars/**, /**, /swagger-ui*/*swagger-initializer.js, /swagger-ui*/**] in 'resourceHandlerMapping'
2023-06-08 17:26:08.639  WARN o.s.s.c.a.w.b.WebSecurity:289 - You are asking Spring Security to ignore Mvc [pattern='/api/v1/auth/**']. This is not recommended -- please use permitAll via HttpSecurity#authorizeHttpRequests instead.
2023-06-08 17:26:08.640  WARN o.s.s.c.a.w.b.WebSecurity:289 - You are asking Spring Security to ignore Mvc [pattern='/api/v1/files/images/**']. This is not recommended -- please use permitAll via HttpSecurity#authorizeHttpRequests instead.
2023-06-08 17:26:08.640  WARN o.s.s.c.a.w.b.WebSecurity:289 - You are asking Spring Security to ignore Mvc [pattern='/api/v1/files/pdf/**']. This is not recommended -- please use permitAll via HttpSecurity#authorizeHttpRequests instead.
2023-06-08 17:26:08.640  WARN o.s.s.c.a.w.b.WebSecurity:289 - You are asking Spring Security to ignore Mvc [pattern='/api/v1/files/data/**']. This is not recommended -- please use permitAll via HttpSecurity#authorizeHttpRequests instead.
2023-06-08 17:26:08.641  WARN o.s.s.c.a.w.b.WebSecurity:289 - You are asking Spring Security to ignore Mvc [pattern='/swagger-ui/**']. This is not recommended -- please use permitAll via HttpSecurity#authorizeHttpRequests instead.
2023-06-08 17:26:08.641  WARN o.s.s.c.a.w.b.WebSecurity:289 - You are asking Spring Security to ignore Mvc [pattern='/v3/api-docs/**']. This is not recommended -- please use permitAll via HttpSecurity#authorizeHttpRequests instead.
2023-06-08 17:26:08.641  WARN o.s.s.c.a.w.b.WebSecurity:289 - You are asking Spring Security to ignore Mvc [pattern='/actuator/**']. This is not recommended -- please use permitAll via HttpSecurity#authorizeHttpRequests instead.
2023-06-08 17:26:08.715 DEBUG o.s.w.s.m.m.a.RequestMappingHandlerAdapter:614 - ControllerAdvice beans: 0 @ModelAttribute, 0 @InitBinder, 1 RequestBodyAdvice, 1 ResponseBodyAdvice
2023-06-08 17:26:08.752 DEBUG o.s.w.s.m.m.a.ExceptionHandlerExceptionResolver:292 - ControllerAdvice beans: 3 @ExceptionHandler, 1 ResponseBodyAdvice
2023-06-08 17:26:17.391  INFO o.s.w.s.DispatcherServlet:532 - Initializing Servlet 'dispatcherServlet'
2023-06-08 17:26:17.392 DEBUG o.s.w.s.DispatcherServlet:528 - Detected StandardServletMultipartResolver
2023-06-08 17:26:17.392 DEBUG o.s.w.s.DispatcherServlet:552 - Detected AcceptHeaderLocaleResolver
2023-06-08 17:26:17.392 DEBUG o.s.w.s.DispatcherServlet:578 - Detected FixedThemeResolver
2023-06-08 17:26:17.394 DEBUG o.s.w.s.DispatcherServlet:728 - Detected org.springframework.web.servlet.view.DefaultRequestToViewNameTranslator@28e581f2
2023-06-08 17:26:17.395 DEBUG o.s.w.s.DispatcherServlet:792 - Detected org.springframework.web.servlet.support.SessionFlashMapManager@391d0df0
2023-06-08 17:26:17.395 DEBUG o.s.w.s.DispatcherServlet:549 - enableLoggingRequestDetails='false': request parameters and headers will be masked to prevent unsafe logging of potentially sensitive data
2023-06-08 17:26:17.395  INFO o.s.w.s.DispatcherServlet:554 - Completed initialization in 3 ms
2023-06-08 17:26:17.419 DEBUG o.s.w.s.m.m.a.RequestMappingHandlerMapping:528 - Mapped to com.personal.devetblogapi.controller.ArticleController#listAllArticles(int, int, String)
2023-06-08 17:26:17.421 DEBUG o.s.w.s.m.m.a.RequestMappingHandlerMapping:528 - Mapped to com.personal.devetblogapi.controller.ArticleController#listAllArticles(int, int, String)
2023-06-08 17:26:17.423 DEBUG o.s.w.s.m.m.a.RequestMappingHandlerMapping:528 - Mapped to com.personal.devetblogapi.controller.ArticleController#listAllArticles(int, int, String)
2023-06-08 17:26:17.424 DEBUG o.s.w.s.m.m.a.RequestMappingHandlerMapping:528 - Mapped to com.personal.devetblogapi.controller.ArticleController#listAllArticles(int, int, String)
2023-06-08 17:26:17.424 DEBUG o.s.w.s.m.m.a.RequestMappingHandlerMapping:528 - Mapped to com.personal.devetblogapi.controller.ArticleController#listAllArticles(int, int, String)
2023-06-08 17:26:17.425 DEBUG o.s.w.s.m.m.a.RequestMappingHandlerMapping:528 - Mapped to com.personal.devetblogapi.controller.ArticleController#listAllArticles(int, int, String)
2023-06-08 17:26:17.425 DEBUG o.s.w.s.m.m.a.RequestMappingHandlerMapping:528 - Mapped to com.personal.devetblogapi.controller.ArticleController#listAllArticles(int, int, String)
2023-06-08 17:26:17.588 DEBUG o.s.w.s.m.m.a.RequestMappingHandlerMapping:528 - Mapped to com.personal.devetblogapi.controller.ArticleController#listAllArticles(int, int, String)
2023-06-08 17:26:17.589 DEBUG o.s.w.s.m.m.a.RequestMappingHandlerMapping:528 - Mapped to com.personal.devetblogapi.controller.ArticleController#listAllArticles(int, int, String)
2023-06-08 17:26:17.590 DEBUG o.s.w.s.m.m.a.RequestMappingHandlerMapping:528 - Mapped to com.personal.devetblogapi.controller.ArticleController#listAllArticles(int, int, String)
2023-06-08 17:26:17.590 DEBUG o.s.w.s.m.m.a.RequestMappingHandlerMapping:528 - Mapped to com.personal.devetblogapi.controller.ArticleController#listAllArticles(int, int, String)
2023-06-08 17:26:17.591 DEBUG o.s.w.s.m.m.a.RequestMappingHandlerMapping:528 - Mapped to com.personal.devetblogapi.controller.ArticleController#listAllArticles(int, int, String)
2023-06-08 17:26:17.592 DEBUG o.s.w.s.m.m.a.RequestMappingHandlerMapping:528 - Mapped to com.personal.devetblogapi.controller.ArticleController#listAllArticles(int, int, String)
2023-06-08 17:26:17.593 DEBUG o.s.w.s.m.m.a.RequestMappingHandlerMapping:528 - Mapped to com.personal.devetblogapi.controller.ArticleController#listAllArticles(int, int, String)
2023-06-08 17:26:17.599 DEBUG o.s.w.s.DispatcherServlet:120 - GET "/api/v1/articles?pageNumber=1&pageSize=1&sortBy=title", parameters={masked}
2023-06-08 17:26:17.602 DEBUG o.s.w.s.m.m.a.RequestMappingHandlerMapping:528 - Mapped to com.personal.devetblogapi.controller.ArticleController#listAllArticles(int, int, String)
2023-06-08 17:26:17.679 DEBUG o.s.w.s.m.m.a.HttpEntityMethodProcessor:275 - Using 'application/json', given [application/json] and supported [application/json, application/*+json]
2023-06-08 17:26:17.682 DEBUG o.s.w.s.m.m.a.HttpEntityMethodProcessor:120 - Writing [EntityResponseDto.Success(timestamp=Thu Jun 08 17:26:17 ICT 2023, statusCode=200, message=List all a (truncated)...]
2023-06-08 17:26:17.702 DEBUG o.s.w.s.DispatcherServlet:1135 - Completed 200 OK
2023-06-08 17:26:58.578  WARN o.s.c.a.AnnotationTypeMapping:320 - Support for convention-based annotation attribute overrides is deprecated and will be removed in Spring Framework 6.1. Please annotate the following attributes in @com.personal.devetblogapi.annotation.SwaggerFormat with appropriate @AliasFor declarations: [summary, security, hidden, description, tags]
2023-06-08 17:27:01.152 DEBUG o.s.w.f.ServerHttpObservationFilter:240 - Filter 'webMvcObservationFilter' configured for use
2023-06-08 17:27:01.562 DEBUG o.s.w.s.m.m.a.RequestMappingHandlerMapping:366 - 16 mappings in 'requestMappingHandlerMapping'
2023-06-08 17:27:02.021 DEBUG o.s.w.s.h.SimpleUrlHandlerMapping:187 - Patterns [/webjars/**, /**, /swagger-ui*/*swagger-initializer.js, /swagger-ui*/**] in 'resourceHandlerMapping'
2023-06-08 17:27:02.242  WARN o.s.s.c.a.w.b.WebSecurity:289 - You are asking Spring Security to ignore Mvc [pattern='/api/v1/auth/**']. This is not recommended -- please use permitAll via HttpSecurity#authorizeHttpRequests instead.
2023-06-08 17:27:02.243  WARN o.s.s.c.a.w.b.WebSecurity:289 - You are asking Spring Security to ignore Mvc [pattern='/api/v1/files/images/**']. This is not recommended -- please use permitAll via HttpSecurity#authorizeHttpRequests instead.
2023-06-08 17:27:02.244  WARN o.s.s.c.a.w.b.WebSecurity:289 - You are asking Spring Security to ignore Mvc [pattern='/api/v1/files/pdf/**']. This is not recommended -- please use permitAll via HttpSecurity#authorizeHttpRequests instead.
2023-06-08 17:27:02.244  WARN o.s.s.c.a.w.b.WebSecurity:289 - You are asking Spring Security to ignore Mvc [pattern='/api/v1/files/data/**']. This is not recommended -- please use permitAll via HttpSecurity#authorizeHttpRequests instead.
2023-06-08 17:27:02.244  WARN o.s.s.c.a.w.b.WebSecurity:289 - You are asking Spring Security to ignore Mvc [pattern='/swagger-ui/**']. This is not recommended -- please use permitAll via HttpSecurity#authorizeHttpRequests instead.
2023-06-08 17:27:02.244  WARN o.s.s.c.a.w.b.WebSecurity:289 - You are asking Spring Security to ignore Mvc [pattern='/v3/api-docs/**']. This is not recommended -- please use permitAll via HttpSecurity#authorizeHttpRequests instead.
2023-06-08 17:27:02.245  WARN o.s.s.c.a.w.b.WebSecurity:289 - You are asking Spring Security to ignore Mvc [pattern='/actuator/**']. This is not recommended -- please use permitAll via HttpSecurity#authorizeHttpRequests instead.
2023-06-08 17:27:02.313 DEBUG o.s.w.s.m.m.a.RequestMappingHandlerAdapter:614 - ControllerAdvice beans: 0 @ModelAttribute, 0 @InitBinder, 1 RequestBodyAdvice, 1 ResponseBodyAdvice
2023-06-08 17:27:02.344 DEBUG o.s.w.s.m.m.a.ExceptionHandlerExceptionResolver:292 - ControllerAdvice beans: 3 @ExceptionHandler, 1 ResponseBodyAdvice
2023-06-08 17:27:10.206  INFO o.s.w.s.DispatcherServlet:532 - Initializing Servlet 'dispatcherServlet'
2023-06-08 17:27:10.207 DEBUG o.s.w.s.DispatcherServlet:528 - Detected StandardServletMultipartResolver
2023-06-08 17:27:10.207 DEBUG o.s.w.s.DispatcherServlet:552 - Detected AcceptHeaderLocaleResolver
2023-06-08 17:27:10.207 DEBUG o.s.w.s.DispatcherServlet:578 - Detected FixedThemeResolver
2023-06-08 17:27:10.209 DEBUG o.s.w.s.DispatcherServlet:728 - Detected org.springframework.web.servlet.view.DefaultRequestToViewNameTranslator@2d3cc142
2023-06-08 17:27:10.210 DEBUG o.s.w.s.DispatcherServlet:792 - Detected org.springframework.web.servlet.support.SessionFlashMapManager@20850f6a
2023-06-08 17:27:10.210 DEBUG o.s.w.s.DispatcherServlet:549 - enableLoggingRequestDetails='false': request parameters and headers will be masked to prevent unsafe logging of potentially sensitive data
2023-06-08 17:27:10.211  INFO o.s.w.s.DispatcherServlet:554 - Completed initialization in 4 ms
2023-06-08 17:27:10.245 DEBUG o.s.w.s.m.m.a.RequestMappingHandlerMapping:528 - Mapped to com.personal.devetblogapi.controller.ArticleController#listAllArticles(int, int, String)
2023-06-08 17:27:10.247 DEBUG o.s.w.s.m.m.a.RequestMappingHandlerMapping:528 - Mapped to com.personal.devetblogapi.controller.ArticleController#listAllArticles(int, int, String)
2023-06-08 17:27:10.248 DEBUG o.s.w.s.m.m.a.RequestMappingHandlerMapping:528 - Mapped to com.personal.devetblogapi.controller.ArticleController#listAllArticles(int, int, String)
2023-06-08 17:27:10.250 DEBUG o.s.w.s.m.m.a.RequestMappingHandlerMapping:528 - Mapped to com.personal.devetblogapi.controller.ArticleController#listAllArticles(int, int, String)
2023-06-08 17:27:10.250 DEBUG o.s.w.s.m.m.a.RequestMappingHandlerMapping:528 - Mapped to com.personal.devetblogapi.controller.ArticleController#listAllArticles(int, int, String)
2023-06-08 17:27:10.251 DEBUG o.s.w.s.m.m.a.RequestMappingHandlerMapping:528 - Mapped to com.personal.devetblogapi.controller.ArticleController#listAllArticles(int, int, String)
2023-06-08 17:27:10.252 DEBUG o.s.w.s.m.m.a.RequestMappingHandlerMapping:528 - Mapped to com.personal.devetblogapi.controller.ArticleController#listAllArticles(int, int, String)
2023-06-08 17:27:10.460 DEBUG o.s.w.s.m.m.a.RequestMappingHandlerMapping:528 - Mapped to com.personal.devetblogapi.controller.ArticleController#listAllArticles(int, int, String)
2023-06-08 17:27:10.462 DEBUG o.s.w.s.m.m.a.RequestMappingHandlerMapping:528 - Mapped to com.personal.devetblogapi.controller.ArticleController#listAllArticles(int, int, String)
2023-06-08 17:27:10.464 DEBUG o.s.w.s.m.m.a.RequestMappingHandlerMapping:528 - Mapped to com.personal.devetblogapi.controller.ArticleController#listAllArticles(int, int, String)
2023-06-08 17:27:10.467 DEBUG o.s.w.s.m.m.a.RequestMappingHandlerMapping:528 - Mapped to com.personal.devetblogapi.controller.ArticleController#listAllArticles(int, int, String)
2023-06-08 17:27:10.469 DEBUG o.s.w.s.m.m.a.RequestMappingHandlerMapping:528 - Mapped to com.personal.devetblogapi.controller.ArticleController#listAllArticles(int, int, String)
2023-06-08 17:27:10.471 DEBUG o.s.w.s.m.m.a.RequestMappingHandlerMapping:528 - Mapped to com.personal.devetblogapi.controller.ArticleController#listAllArticles(int, int, String)
2023-06-08 17:27:10.472 DEBUG o.s.w.s.m.m.a.RequestMappingHandlerMapping:528 - Mapped to com.personal.devetblogapi.controller.ArticleController#listAllArticles(int, int, String)
2023-06-08 17:27:10.486 DEBUG o.s.w.s.DispatcherServlet:120 - GET "/api/v1/articles?pageNumber=1&pageSize=1&sortBy=title", parameters={masked}
2023-06-08 17:27:10.498 DEBUG o.s.w.s.m.m.a.RequestMappingHandlerMapping:528 - Mapped to com.personal.devetblogapi.controller.ArticleController#listAllArticles(int, int, String)
2023-06-08 17:27:10.621 DEBUG o.s.w.s.m.m.a.HttpEntityMethodProcessor:275 - Using 'application/json', given [application/json] and supported [application/json, application/*+json]
2023-06-08 17:27:10.627 DEBUG o.s.w.s.m.m.a.HttpEntityMethodProcessor:120 - Writing [EntityResponseDto.Success(timestamp=Thu Jun 08 17:27:10 ICT 2023, statusCode=200, message=List all a (truncated)...]
2023-06-08 17:27:10.646 DEBUG o.s.w.s.DispatcherServlet:1135 - Completed 200 OK
2023-06-08 17:27:43.233  WARN o.s.c.a.AnnotationTypeMapping:320 - Support for convention-based annotation attribute overrides is deprecated and will be removed in Spring Framework 6.1. Please annotate the following attributes in @com.personal.devetblogapi.annotation.SwaggerFormat with appropriate @AliasFor declarations: [summary, security, hidden, description, tags]
2023-06-08 17:27:45.570 DEBUG o.s.w.f.ServerHttpObservationFilter:240 - Filter 'webMvcObservationFilter' configured for use
2023-06-08 17:27:45.966 DEBUG o.s.w.s.m.m.a.RequestMappingHandlerMapping:366 - 16 mappings in 'requestMappingHandlerMapping'
2023-06-08 17:27:46.413 DEBUG o.s.w.s.h.SimpleUrlHandlerMapping:187 - Patterns [/webjars/**, /**, /swagger-ui*/*swagger-initializer.js, /swagger-ui*/**] in 'resourceHandlerMapping'
2023-06-08 17:27:46.631  WARN o.s.s.c.a.w.b.WebSecurity:289 - You are asking Spring Security to ignore Mvc [pattern='/api/v1/auth/**']. This is not recommended -- please use permitAll via HttpSecurity#authorizeHttpRequests instead.
2023-06-08 17:27:46.633  WARN o.s.s.c.a.w.b.WebSecurity:289 - You are asking Spring Security to ignore Mvc [pattern='/api/v1/files/images/**']. This is not recommended -- please use permitAll via HttpSecurity#authorizeHttpRequests instead.
2023-06-08 17:27:46.634  WARN o.s.s.c.a.w.b.WebSecurity:289 - You are asking Spring Security to ignore Mvc [pattern='/api/v1/files/pdf/**']. This is not recommended -- please use permitAll via HttpSecurity#authorizeHttpRequests instead.
2023-06-08 17:27:46.634  WARN o.s.s.c.a.w.b.WebSecurity:289 - You are asking Spring Security to ignore Mvc [pattern='/api/v1/files/data/**']. This is not recommended -- please use permitAll via HttpSecurity#authorizeHttpRequests instead.
2023-06-08 17:27:46.635  WARN o.s.s.c.a.w.b.WebSecurity:289 - You are asking Spring Security to ignore Mvc [pattern='/swagger-ui/**']. This is not recommended -- please use permitAll via HttpSecurity#authorizeHttpRequests instead.
2023-06-08 17:27:46.635  WARN o.s.s.c.a.w.b.WebSecurity:289 - You are asking Spring Security to ignore Mvc [pattern='/v3/api-docs/**']. This is not recommended -- please use permitAll via HttpSecurity#authorizeHttpRequests instead.
2023-06-08 17:27:46.636  WARN o.s.s.c.a.w.b.WebSecurity:289 - You are asking Spring Security to ignore Mvc [pattern='/actuator/**']. This is not recommended -- please use permitAll via HttpSecurity#authorizeHttpRequests instead.
2023-06-08 17:27:46.709 DEBUG o.s.w.s.m.m.a.RequestMappingHandlerAdapter:614 - ControllerAdvice beans: 0 @ModelAttribute, 0 @InitBinder, 1 RequestBodyAdvice, 1 ResponseBodyAdvice
2023-06-08 17:27:46.745 DEBUG o.s.w.s.m.m.a.ExceptionHandlerExceptionResolver:292 - ControllerAdvice beans: 3 @ExceptionHandler, 1 ResponseBodyAdvice
2023-06-08 17:27:57.235  INFO o.s.w.s.DispatcherServlet:532 - Initializing Servlet 'dispatcherServlet'
2023-06-08 17:27:57.235 DEBUG o.s.w.s.DispatcherServlet:528 - Detected StandardServletMultipartResolver
2023-06-08 17:27:57.235 DEBUG o.s.w.s.DispatcherServlet:552 - Detected AcceptHeaderLocaleResolver
2023-06-08 17:27:57.235 DEBUG o.s.w.s.DispatcherServlet:578 - Detected FixedThemeResolver
2023-06-08 17:27:57.236 DEBUG o.s.w.s.DispatcherServlet:728 - Detected org.springframework.web.servlet.view.DefaultRequestToViewNameTranslator@2d3cc142
2023-06-08 17:27:57.237 DEBUG o.s.w.s.DispatcherServlet:792 - Detected org.springframework.web.servlet.support.SessionFlashMapManager@20850f6a
2023-06-08 17:27:57.237 DEBUG o.s.w.s.DispatcherServlet:549 - enableLoggingRequestDetails='false': request parameters and headers will be masked to prevent unsafe logging of potentially sensitive data
2023-06-08 17:27:57.238  INFO o.s.w.s.DispatcherServlet:554 - Completed initialization in 2 ms
2023-06-08 17:27:57.264 DEBUG o.s.w.s.m.m.a.RequestMappingHandlerMapping:528 - Mapped to com.personal.devetblogapi.controller.ArticleController#listAllArticles(int, int, String)
2023-06-08 17:27:57.266 DEBUG o.s.w.s.m.m.a.RequestMappingHandlerMapping:528 - Mapped to com.personal.devetblogapi.controller.ArticleController#listAllArticles(int, int, String)
2023-06-08 17:27:57.267 DEBUG o.s.w.s.m.m.a.RequestMappingHandlerMapping:528 - Mapped to com.personal.devetblogapi.controller.ArticleController#listAllArticles(int, int, String)
2023-06-08 17:27:57.267 DEBUG o.s.w.s.m.m.a.RequestMappingHandlerMapping:528 - Mapped to com.personal.devetblogapi.controller.ArticleController#listAllArticles(int, int, String)
2023-06-08 17:27:57.268 DEBUG o.s.w.s.m.m.a.RequestMappingHandlerMapping:528 - Mapped to com.personal.devetblogapi.controller.ArticleController#listAllArticles(int, int, String)
2023-06-08 17:27:57.269 DEBUG o.s.w.s.m.m.a.RequestMappingHandlerMapping:528 - Mapped to com.personal.devetblogapi.controller.ArticleController#listAllArticles(int, int, String)
2023-06-08 17:27:57.269 DEBUG o.s.w.s.m.m.a.RequestMappingHandlerMapping:528 - Mapped to com.personal.devetblogapi.controller.ArticleController#listAllArticles(int, int, String)
2023-06-08 17:27:57.459 DEBUG o.s.w.s.m.m.a.RequestMappingHandlerMapping:528 - Mapped to com.personal.devetblogapi.controller.ArticleController#listAllArticles(int, int, String)
2023-06-08 17:27:57.460 DEBUG o.s.w.s.m.m.a.RequestMappingHandlerMapping:528 - Mapped to com.personal.devetblogapi.controller.ArticleController#listAllArticles(int, int, String)
2023-06-08 17:27:57.461 DEBUG o.s.w.s.m.m.a.RequestMappingHandlerMapping:528 - Mapped to com.personal.devetblogapi.controller.ArticleController#listAllArticles(int, int, String)
2023-06-08 17:27:57.462 DEBUG o.s.w.s.m.m.a.RequestMappingHandlerMapping:528 - Mapped to com.personal.devetblogapi.controller.ArticleController#listAllArticles(int, int, String)
2023-06-08 17:27:57.463 DEBUG o.s.w.s.m.m.a.RequestMappingHandlerMapping:528 - Mapped to com.personal.devetblogapi.controller.ArticleController#listAllArticles(int, int, String)
2023-06-08 17:27:57.464 DEBUG o.s.w.s.m.m.a.RequestMappingHandlerMapping:528 - Mapped to com.personal.devetblogapi.controller.ArticleController#listAllArticles(int, int, String)
2023-06-08 17:27:57.465 DEBUG o.s.w.s.m.m.a.RequestMappingHandlerMapping:528 - Mapped to com.personal.devetblogapi.controller.ArticleController#listAllArticles(int, int, String)
2023-06-08 17:27:57.472 DEBUG o.s.w.s.DispatcherServlet:120 - GET "/api/v1/articles?pageNumber=1&pageSize=1&sortBy=title", parameters={masked}
2023-06-08 17:27:57.475 DEBUG o.s.w.s.m.m.a.RequestMappingHandlerMapping:528 - Mapped to com.personal.devetblogapi.controller.ArticleController#listAllArticles(int, int, String)
2023-06-08 17:27:57.576 DEBUG o.s.w.s.m.m.a.HttpEntityMethodProcessor:275 - Using 'application/json', given [application/json] and supported [application/json, application/*+json]
2023-06-08 17:27:57.580 DEBUG o.s.w.s.m.m.a.HttpEntityMethodProcessor:120 - Writing [EntityResponseDto.Success(timestamp=Thu Jun 08 17:27:57 ICT 2023, statusCode=200, message=List all a (truncated)...]
2023-06-08 17:27:57.606 DEBUG o.s.w.s.DispatcherServlet:1135 - Completed 200 OK
2023-06-08 17:29:03.135  WARN o.s.c.a.AnnotationTypeMapping:320 - Support for convention-based annotation attribute overrides is deprecated and will be removed in Spring Framework 6.1. Please annotate the following attributes in @com.personal.devetblogapi.annotation.SwaggerFormat with appropriate @AliasFor declarations: [summary, security, hidden, description, tags]
2023-06-08 17:29:05.471 DEBUG o.s.w.f.ServerHttpObservationFilter:240 - Filter 'webMvcObservationFilter' configured for use
2023-06-08 17:29:05.895 DEBUG o.s.w.s.m.m.a.RequestMappingHandlerMapping:366 - 16 mappings in 'requestMappingHandlerMapping'
2023-06-08 17:29:06.370 DEBUG o.s.w.s.h.SimpleUrlHandlerMapping:187 - Patterns [/webjars/**, /**, /swagger-ui*/*swagger-initializer.js, /swagger-ui*/**] in 'resourceHandlerMapping'
2023-06-08 17:29:06.676  WARN o.s.s.c.a.w.b.WebSecurity:289 - You are asking Spring Security to ignore Mvc [pattern='/api/v1/auth/**']. This is not recommended -- please use permitAll via HttpSecurity#authorizeHttpRequests instead.
2023-06-08 17:29:06.677  WARN o.s.s.c.a.w.b.WebSecurity:289 - You are asking Spring Security to ignore Mvc [pattern='/api/v1/files/images/**']. This is not recommended -- please use permitAll via HttpSecurity#authorizeHttpRequests instead.
2023-06-08 17:29:06.677  WARN o.s.s.c.a.w.b.WebSecurity:289 - You are asking Spring Security to ignore Mvc [pattern='/api/v1/files/pdf/**']. This is not recommended -- please use permitAll via HttpSecurity#authorizeHttpRequests instead.
2023-06-08 17:29:06.678  WARN o.s.s.c.a.w.b.WebSecurity:289 - You are asking Spring Security to ignore Mvc [pattern='/api/v1/files/data/**']. This is not recommended -- please use permitAll via HttpSecurity#authorizeHttpRequests instead.
2023-06-08 17:29:06.678  WARN o.s.s.c.a.w.b.WebSecurity:289 - You are asking Spring Security to ignore Mvc [pattern='/swagger-ui/**']. This is not recommended -- please use permitAll via HttpSecurity#authorizeHttpRequests instead.
2023-06-08 17:29:06.678  WARN o.s.s.c.a.w.b.WebSecurity:289 - You are asking Spring Security to ignore Mvc [pattern='/v3/api-docs/**']. This is not recommended -- please use permitAll via HttpSecurity#authorizeHttpRequests instead.
2023-06-08 17:29:06.678  WARN o.s.s.c.a.w.b.WebSecurity:289 - You are asking Spring Security to ignore Mvc [pattern='/actuator/**']. This is not recommended -- please use permitAll via HttpSecurity#authorizeHttpRequests instead.
2023-06-08 17:29:06.744 DEBUG o.s.w.s.m.m.a.RequestMappingHandlerAdapter:614 - ControllerAdvice beans: 0 @ModelAttribute, 0 @InitBinder, 1 RequestBodyAdvice, 1 ResponseBodyAdvice
2023-06-08 17:29:06.774 DEBUG o.s.w.s.m.m.a.ExceptionHandlerExceptionResolver:292 - ControllerAdvice beans: 3 @ExceptionHandler, 1 ResponseBodyAdvice
2023-06-08 17:29:29.404  INFO o.s.w.s.DispatcherServlet:532 - Initializing Servlet 'dispatcherServlet'
2023-06-08 17:29:29.405 DEBUG o.s.w.s.DispatcherServlet:528 - Detected StandardServletMultipartResolver
2023-06-08 17:29:29.405 DEBUG o.s.w.s.DispatcherServlet:552 - Detected AcceptHeaderLocaleResolver
2023-06-08 17:29:29.405 DEBUG o.s.w.s.DispatcherServlet:578 - Detected FixedThemeResolver
2023-06-08 17:29:29.407 DEBUG o.s.w.s.DispatcherServlet:728 - Detected org.springframework.web.servlet.view.DefaultRequestToViewNameTranslator@55838277
2023-06-08 17:29:29.408 DEBUG o.s.w.s.DispatcherServlet:792 - Detected org.springframework.web.servlet.support.SessionFlashMapManager@5835b9c4
2023-06-08 17:29:29.408 DEBUG o.s.w.s.DispatcherServlet:549 - enableLoggingRequestDetails='false': request parameters and headers will be masked to prevent unsafe logging of potentially sensitive data
2023-06-08 17:29:29.409  INFO o.s.w.s.DispatcherServlet:554 - Completed initialization in 5 ms
2023-06-08 17:29:29.436 DEBUG o.s.w.s.m.m.a.RequestMappingHandlerMapping:528 - Mapped to com.personal.devetblogapi.controller.ArticleController#listAllArticles(int, int, String)
2023-06-08 17:29:29.437 DEBUG o.s.w.s.m.m.a.RequestMappingHandlerMapping:528 - Mapped to com.personal.devetblogapi.controller.ArticleController#listAllArticles(int, int, String)
2023-06-08 17:29:29.438 DEBUG o.s.w.s.m.m.a.RequestMappingHandlerMapping:528 - Mapped to com.personal.devetblogapi.controller.ArticleController#listAllArticles(int, int, String)
2023-06-08 17:29:29.439 DEBUG o.s.w.s.m.m.a.RequestMappingHandlerMapping:528 - Mapped to com.personal.devetblogapi.controller.ArticleController#listAllArticles(int, int, String)
2023-06-08 17:29:29.440 DEBUG o.s.w.s.m.m.a.RequestMappingHandlerMapping:528 - Mapped to com.personal.devetblogapi.controller.ArticleController#listAllArticles(int, int, String)
2023-06-08 17:29:29.441 DEBUG o.s.w.s.m.m.a.RequestMappingHandlerMapping:528 - Mapped to com.personal.devetblogapi.controller.ArticleController#listAllArticles(int, int, String)
2023-06-08 17:29:29.441 DEBUG o.s.w.s.m.m.a.RequestMappingHandlerMapping:528 - Mapped to com.personal.devetblogapi.controller.ArticleController#listAllArticles(int, int, String)
2023-06-08 17:29:29.626 DEBUG o.s.w.s.m.m.a.RequestMappingHandlerMapping:528 - Mapped to com.personal.devetblogapi.controller.ArticleController#listAllArticles(int, int, String)
2023-06-08 17:29:29.627 DEBUG o.s.w.s.m.m.a.RequestMappingHandlerMapping:528 - Mapped to com.personal.devetblogapi.controller.ArticleController#listAllArticles(int, int, String)
2023-06-08 17:29:29.628 DEBUG o.s.w.s.m.m.a.RequestMappingHandlerMapping:528 - Mapped to com.personal.devetblogapi.controller.ArticleController#listAllArticles(int, int, String)
2023-06-08 17:29:29.628 DEBUG o.s.w.s.m.m.a.RequestMappingHandlerMapping:528 - Mapped to com.personal.devetblogapi.controller.ArticleController#listAllArticles(int, int, String)
2023-06-08 17:29:29.629 DEBUG o.s.w.s.m.m.a.RequestMappingHandlerMapping:528 - Mapped to com.personal.devetblogapi.controller.ArticleController#listAllArticles(int, int, String)
2023-06-08 17:29:29.631 DEBUG o.s.w.s.m.m.a.RequestMappingHandlerMapping:528 - Mapped to com.personal.devetblogapi.controller.ArticleController#listAllArticles(int, int, String)
2023-06-08 17:29:29.631 DEBUG o.s.w.s.m.m.a.RequestMappingHandlerMapping:528 - Mapped to com.personal.devetblogapi.controller.ArticleController#listAllArticles(int, int, String)
2023-06-08 17:29:29.636 DEBUG o.s.w.s.DispatcherServlet:120 - GET "/api/v1/articles?pageNumber=1&pageSize=1&sortBy=title", parameters={masked}
2023-06-08 17:29:29.638 DEBUG o.s.w.s.m.m.a.RequestMappingHandlerMapping:528 - Mapped to com.personal.devetblogapi.controller.ArticleController#listAllArticles(int, int, String)
2023-06-08 17:29:29.704 DEBUG o.s.w.s.m.m.a.HttpEntityMethodProcessor:275 - Using 'application/json', given [application/json] and supported [application/json, application/*+json]
2023-06-08 17:29:29.707 DEBUG o.s.w.s.m.m.a.HttpEntityMethodProcessor:120 - Writing [EntityResponseDto.Success(timestamp=Thu Jun 08 17:29:29 ICT 2023, statusCode=200, message=List all a (truncated)...]
2023-06-08 17:29:29.728 DEBUG o.s.w.s.DispatcherServlet:1135 - Completed 200 OK
